2023-12-29 23:42:52,349 - INFO - This is a test
2023-12-29 23:43:01,486 - ERROR - This is a test
2023-12-29 23:43:25,184 - ERROR - This is a test
2023-12-29 23:44:26 - ERROR - This is a test
2023-12-30 00:37:57 - ERROR - This is a test
2023-12-30 00:37:57 - INFO - Starting the scraper...
2023-12-30 00:37:57 - INFO - Starting the Support scraper...
2023-12-30 00:37:57 - INFO - Starting the 'Airzone Support' website scraper...
2023-12-30 00:38:02 - INFO - Inserting the 'Airzone Support' scraped data into a dataframe...
2023-12-30 00:38:02 - INFO - Starting the 'Airzone Control' website FAQs scraper...
2023-12-30 00:38:12 - INFO - Inserting the 'Airzone Control FAQs' scraped data into a dataframe...
2023-12-30 00:38:12 - INFO - Starting the 'Airzone Control' website Downloads scraper...
2023-12-30 00:38:24 - INFO - Inserting the 'Airzone Control Downloads' scraped data into a dataframe...
2023-12-30 00:38:24 - INFO - Inserting the Support data into the database...
2023-12-30 00:38:24 - INFO - Support data inserted successfully. Empty DataFrame
Columns: [primary_hash_id, mod_hash_id, uploaded_date, support_source, category, unit, subunit, type, description]
Index: [] new rows were inserted into the database.
2023-12-30 00:40:01 - ERROR - This is a test
2023-12-30 00:40:01 - INFO - Starting the scraper...
2023-12-30 00:40:01 - INFO - Starting the Support scraper...
2023-12-30 00:40:01 - INFO - Starting the 'Airzone Support' website scraper...
2023-12-30 00:40:05 - INFO - Inserting the 'Airzone Support' scraped data into a dataframe...
2023-12-30 00:40:06 - INFO - Starting the 'Airzone Control' website FAQs scraper...
2023-12-30 00:41:19 - INFO - Inserting the 'Airzone Control FAQs' scraped data into a dataframe...
2023-12-30 00:41:20 - INFO - Starting the 'Airzone Control' website Downloads scraper...
2023-12-30 00:41:31 - INFO - Inserting the 'Airzone Control Downloads' scraped data into a dataframe...
2023-12-30 00:41:34 - INFO - Inserting the Support data into the database...
2023-12-30 00:41:34 - INFO - Support data inserted successfully. Empty DataFrame
Columns: [primary_hash_id, mod_hash_id, uploaded_date, support_source, category, unit, subunit, type, description]
Index: [] new rows were inserted into the database.
2023-12-30 00:43:55 - ERROR - This is a test
2023-12-30 00:43:55 - INFO - Starting the scraper...
2023-12-30 00:43:55 - INFO - Starting the Support scraper...
2023-12-30 00:43:55 - INFO - Starting the 'Airzone Support' website scraper...
2023-12-30 00:43:59 - INFO - Inserting the 'Airzone Support' scraped data into a dataframe...
2023-12-30 00:43:59 - INFO - Starting the 'Airzone Control' website FAQs scraper...
2023-12-30 00:44:12 - INFO - Inserting the 'Airzone Control' FAQs scraped data into a dataframe...
2023-12-30 00:44:12 - INFO - Starting the 'Airzone Control' website Downloads scraper...
2023-12-30 00:44:24 - INFO - Inserting the 'Airzone Control Downloads' scraped data into a dataframe...
2023-12-30 00:44:24 - INFO - Inserting the Support data into the database...
2023-12-30 00:44:24 - INFO - Support data inserted successfully. 0 new rows were inserted into the database.
2023-12-30 00:46:01 - ERROR - This is a test
2023-12-30 00:46:01 - INFO - Starting the scraper...
2023-12-30 00:46:01 - INFO - Starting the Support scraper...
2023-12-30 00:46:01 - INFO - Starting the 'Airzone Support' website scraper...
2023-12-30 00:46:05 - INFO - Inserting the 'Airzone Support' scraped data into a dataframe...
2023-12-30 00:46:05 - INFO - Starting the 'Airzone Control' website FAQs scraper...
2023-12-30 00:46:17 - INFO - Starting the scraper...
2023-12-30 00:46:17 - INFO - Starting the Support scraper...
2023-12-30 00:46:17 - INFO - Starting the 'Airzone Support' website scraper...
2023-12-30 00:46:21 - INFO - Inserting the 'Airzone Support' scraped data into a dataframe...
2023-12-30 00:46:21 - INFO - Starting the 'Airzone Control' website FAQs scraper...
2023-12-30 00:46:31 - INFO - Inserting the 'Airzone Control' FAQs scraped data into a dataframe...
2023-12-30 00:46:31 - INFO - Starting the 'Airzone Control' website Downloads scraper...
2023-12-30 00:46:43 - INFO - Inserting the 'Airzone Control Downloads' scraped data into a dataframe...
2023-12-30 00:46:43 - INFO - Inserting the Support data into the database...
2023-12-30 00:46:43 - INFO - 'Support' scraper finished successfully. 0 new rows were inserted into the database.
2023-12-30 00:47:26 - INFO - Starting the scraper...
2023-12-30 00:47:26 - INFO - Starting the Support scraper...
2023-12-30 00:47:26 - INFO - Starting the 'Airzone Support' website scraper...
2023-12-30 00:47:30 - INFO - Inserting the 'Airzone Support' scraped data into a dataframe...
2023-12-30 00:47:30 - INFO - Starting the 'Airzone Control' website FAQs scraper...
2023-12-30 00:47:40 - INFO - Inserting the 'Airzone Control' FAQs scraped data into a dataframe...
2023-12-30 00:47:40 - INFO - Starting the 'Airzone Control' website Downloads scraper...
2023-12-30 00:47:51 - INFO - Inserting the 'Airzone Control Downloads' scraped data into a dataframe...
2023-12-30 00:47:52 - INFO - Inserting the Support data into the database...
2023-12-30 00:47:52 - INFO - Support scraper finished successfully. 1598 new rows were inserted into the database.
2023-12-30 00:52:34 - INFO - Starting the scraper...
2023-12-30 00:52:34 - INFO - Starting the Support scraper...
2023-12-30 00:52:34 - INFO - Starting the 'Airzone Support' website scraper...
2023-12-30 00:52:38 - INFO - Inserting the 'Airzone Support' scraped data into a dataframe...
2023-12-30 00:52:38 - INFO - Starting the 'Airzone Control' website FAQs scraper...
2023-12-30 00:52:48 - INFO - Inserting the 'Airzone Control' FAQs scraped data into a dataframe...
2023-12-30 00:52:48 - INFO - Starting the 'Airzone Control' website Downloads scraper...
2023-12-30 00:52:58 - INFO - Inserting the 'Airzone Control Downloads' scraped data into a dataframe...
2023-12-30 00:52:59 - INFO - Inserting the Support data into the database...
2023-12-30 00:52:59 - INFO - Support scraper finished successfully. 0 new rows were inserted into the database.
2023-12-30 00:53:16 - INFO - Starting the scraper...
2023-12-30 00:53:16 - INFO - Starting the Support scraper...
2023-12-30 00:53:16 - INFO - Starting the 'Airzone Support' website scraper...
2023-12-30 00:53:20 - INFO - Inserting the 'Airzone Support' scraped data into a dataframe...
2023-12-30 00:53:20 - INFO - Starting the 'Airzone Control' website FAQs scraper...
2023-12-30 00:53:30 - INFO - Inserting the 'Airzone Control' FAQs scraped data into a dataframe...
2023-12-30 00:53:31 - INFO - Starting the 'Airzone Control' website Downloads scraper...
2023-12-30 00:53:41 - INFO - Inserting the 'Airzone Control Downloads' scraped data into a dataframe...
2023-12-30 00:53:42 - INFO - Inserting the Support data into the database...
2023-12-30 00:53:42 - INFO - Support scraper finished successfully. 0 new rows were inserted into the database.
2023-12-30 00:55:03 - INFO - Starting the scraper...
2023-12-30 00:55:03 - INFO - Starting the Support scraper...
2023-12-30 00:55:03 - INFO - Starting the 'Airzone Support' website scraper...
2023-12-30 00:55:07 - INFO - Inserting the 'Airzone Support' scraped data into a dataframe...
2023-12-30 00:55:07 - INFO - Starting the 'Airzone Control' website FAQs scraper...
2023-12-30 00:55:17 - INFO - Inserting the 'Airzone Control' FAQs scraped data into a dataframe...
2023-12-30 00:55:17 - INFO - Starting the 'Airzone Control' website Downloads scraper...
2023-12-30 00:55:28 - INFO - Inserting the 'Airzone Control Downloads' scraped data into a dataframe...
2023-12-30 00:55:28 - INFO - Inserting the Support data into the database...
2023-12-30 00:55:28 - INFO - Support scraper finished successfully. 0 new rows were inserted into the database.
2023-12-30 00:56:09 - INFO - Starting the scraper...
2023-12-30 00:56:09 - INFO - Starting the Support scraper...
2023-12-30 00:56:09 - INFO - Starting the 'Airzone Support' website scraper...
2023-12-30 00:56:13 - INFO - Inserting the 'Airzone Support' scraped data into a dataframe...
2023-12-30 00:56:13 - INFO - Starting the 'Airzone Control' website FAQs scraper...
2023-12-30 00:56:25 - INFO - Inserting the 'Airzone Control' FAQs scraped data into a dataframe...
2023-12-30 00:56:25 - INFO - Starting the 'Airzone Control' website Downloads scraper...
2023-12-30 00:56:36 - INFO - Inserting the 'Airzone Control Downloads' scraped data into a dataframe...
2023-12-30 00:56:36 - INFO - Inserting the Support data into the database...
2023-12-30 00:56:36 - INFO - Support scraper finished successfully. None new rows were inserted into the database.
2023-12-30 00:57:11 - INFO - Starting the scraper...
2023-12-30 00:57:11 - INFO - Starting the Support scraper...
2023-12-30 00:57:11 - INFO - Starting the 'Airzone Support' website scraper...
2023-12-30 00:57:16 - INFO - Inserting the 'Airzone Support' scraped data into a dataframe...
2023-12-30 00:57:16 - INFO - Starting the 'Airzone Control' website FAQs scraper...
2023-12-30 00:57:26 - INFO - Inserting the 'Airzone Control' FAQs scraped data into a dataframe...
2023-12-30 00:57:27 - INFO - Starting the 'Airzone Control' website Downloads scraper...
2023-12-30 00:57:37 - INFO - Inserting the 'Airzone Control Downloads' scraped data into a dataframe...
2023-12-30 00:57:39 - INFO - Inserting the Support data into the database...
2023-12-30 00:58:30 - INFO - Starting the scraper...
2023-12-30 00:58:30 - INFO - Starting the Support scraper...
2023-12-30 00:58:30 - INFO - Starting the 'Airzone Support' website scraper...
2023-12-30 00:58:34 - INFO - Inserting the 'Airzone Support' scraped data into a dataframe...
2023-12-30 00:58:34 - INFO - Starting the 'Airzone Control' website FAQs scraper...
2023-12-30 00:58:57 - INFO - Starting the scraper...
2023-12-30 00:58:57 - INFO - Starting the Support scraper...
2023-12-30 00:58:57 - INFO - Starting the 'Airzone Support' website scraper...
2023-12-30 00:59:02 - INFO - Inserting the 'Airzone Support' scraped data into a dataframe...
2023-12-30 00:59:02 - INFO - Starting the 'Airzone Control' website FAQs scraper...
2023-12-30 00:59:12 - INFO - Inserting the 'Airzone Control' FAQs scraped data into a dataframe...
2023-12-30 00:59:13 - INFO - Starting the 'Airzone Control' website Downloads scraper...
2023-12-30 00:59:23 - INFO - Inserting the 'Airzone Control Downloads' scraped data into a dataframe...
2023-12-30 00:59:24 - INFO - Inserting the Support data into the database...
2023-12-30 00:59:24 - INFO - Failed to insert dataframe records into suport table: 1146 (42S02): Table 'airzonechatbotdb.suport' doesn't exist
2023-12-30 00:59:24 - INFO - Support scraper finished successfully. None new rows were inserted into the database.
2023-12-30 01:02:22 - INFO - Starting the scraper...
2023-12-30 01:02:22 - INFO - Starting the Support scraper...
2023-12-30 01:02:22 - INFO - Starting the 'Airzone Support' website scraper...
2023-12-30 01:02:38 - INFO - Starting the scraper...
2023-12-30 01:02:38 - INFO - Starting the Support scraper...
2023-12-30 01:02:38 - INFO - Starting the 'Airzone Support' website scraper...
2023-12-30 01:02:42 - INFO - Inserting the 'Airzone Support' scraped data into a dataframe...
2023-12-30 01:02:43 - INFO - Starting the 'Airzone Control' website FAQs scraper...
2023-12-30 01:02:52 - INFO - Inserting the 'Airzone Control' FAQs scraped data into a dataframe...
2023-12-30 01:02:52 - INFO - Starting the 'Airzone Control' website Downloads scraper...
2023-12-30 01:03:04 - INFO - Inserting the 'Airzone Control Downloads' scraped data into a dataframe...
2023-12-30 01:03:05 - INFO - Inserting the Support data into the database...
2023-12-30 01:03:05 - INFO - Failed to insert dataframe records into suport table: 1146 (42S02): Table 'airzonechatbotdb.suport' doesn't exist
2023-12-30 01:04:01 - INFO - Starting the scraper...
2023-12-30 01:04:01 - INFO - Starting the Support scraper...
2023-12-30 01:04:01 - INFO - Starting the 'Airzone Support' website scraper...
2023-12-30 01:04:05 - INFO - Inserting the 'Airzone Support' scraped data into a dataframe...
2023-12-30 01:04:05 - INFO - Starting the 'Airzone Control' website FAQs scraper...
2023-12-30 01:04:15 - INFO - Inserting the 'Airzone Control' FAQs scraped data into a dataframe...
2023-12-30 01:04:15 - INFO - Starting the 'Airzone Control' website Downloads scraper...
2023-12-30 01:04:26 - INFO - Inserting the 'Airzone Control Downloads' scraped data into a dataframe...
2023-12-30 01:04:27 - INFO - Inserting the Support data into the database...
2023-12-30 01:04:27 - INFO - Failed to insert dataframe rows into 'suport' table: 1146 (42S02): Table 'airzonechatbotdb.suport' doesn't exist
2023-12-30 01:06:14 - INFO - Starting the scraper...
2023-12-30 01:06:14 - INFO - Starting the Support scraper...
2023-12-30 01:06:14 - INFO - Starting the 'Airzone Support' website scraper...
2023-12-30 01:06:18 - INFO - Inserting the 'Airzone Support' scraped data into a dataframe...
2023-12-30 01:06:18 - INFO - Starting the 'Airzone Control' website FAQs scraper...
2023-12-30 01:06:28 - INFO - Inserting the 'Airzone Control' FAQs scraped data into a dataframe...
2023-12-30 01:06:28 - INFO - Starting the 'Airzone Control' website Downloads scraper...
2023-12-30 01:06:39 - INFO - Inserting the 'Airzone Control Downloads' scraped data into a dataframe...
2023-12-30 01:06:39 - INFO - Inserting the Support data into the database...
2023-12-30 01:06:39 - INFO - Failed to insert dataframe rows into 'suport' table: 1146 (42S02): Table 'airzonechatbotdb.suport' doesn't exist
2023-12-30 01:06:49 - INFO - Starting the scraper...
2023-12-30 01:06:49 - INFO - Starting the Support scraper...
2023-12-30 01:06:49 - INFO - Starting the 'Airzone Support' website scraper...
2023-12-30 01:06:53 - INFO - Inserting the 'Airzone Support' scraped data into a dataframe...
2023-12-30 01:06:53 - INFO - Starting the 'Airzone Control' website FAQs scraper...
2023-12-30 01:07:04 - INFO - Inserting the 'Airzone Control' FAQs scraped data into a dataframe...
2023-12-30 01:07:05 - INFO - Starting the 'Airzone Control' website Downloads scraper...
2023-12-30 01:07:16 - INFO - Inserting the 'Airzone Control Downloads' scraped data into a dataframe...
2023-12-30 01:07:16 - INFO - Inserting the Support data into the database...
2023-12-30 01:07:16 - INFO - Process finished successfully. 0 new rows were inserted into the support table
2023-12-30 01:08:10 - INFO - Starting the scraper...
2023-12-30 01:08:10 - INFO - Starting the Support scraper...
2023-12-30 01:08:10 - INFO - Starting the 'Airzone Support' website scraper...
2023-12-30 01:08:13 - INFO - Inserting the 'Airzone Support' scraped data into a dataframe...
2023-12-30 01:08:13 - INFO - Starting the 'Airzone Control' website FAQs scraper...
2023-12-30 01:08:24 - INFO - Inserting the 'Airzone Control' FAQs scraped data into a dataframe...
2023-12-30 01:08:24 - INFO - Starting the 'Airzone Control' website Downloads scraper...
2023-12-30 01:08:35 - INFO - Inserting the 'Airzone Control Downloads' scraped data into a dataframe...
2023-12-30 01:08:35 - INFO - Inserting the Support data into the database...
2023-12-30 01:08:36 - INFO - Process finished successfully. 1598 new rows were inserted into the 'support' table
2023-12-30 01:13:29 - INFO - Starting the Airzone scraper...
2023-12-30 01:13:29 - INFO - Starting the Support scraper...
2023-12-30 01:13:29 - INFO - Starting the 'Airzone Support' website scraper...
2023-12-30 01:13:33 - INFO - Inserting the 'Airzone Support' scraped data into a dataframe...
2023-12-30 01:13:33 - INFO - Starting the 'Airzone Control' website FAQs scraper...
2023-12-30 01:13:43 - INFO - Inserting the 'Airzone Control' FAQs scraped data into a dataframe...
2023-12-30 01:13:43 - INFO - Starting the 'Airzone Control' website Downloads scraper...
2023-12-30 01:13:55 - INFO - Inserting the 'Airzone Control Downloads' scraped data into a dataframe...
2023-12-30 01:13:55 - INFO - Inserting the Support data into the database...
2023-12-30 01:13:55 - INFO - Process finished successfully. 0 new rows were inserted into the 'support' table
2023-12-30 01:13:55 - INFO - Starting the 'Academia' scraper...
2023-12-30 01:13:58 - INFO - Inserting the 'Academia' scraped data into a dataframe...
2023-12-30 01:13:58 - INFO - Inserting the 'Academia' data into the database...
2023-12-30 01:13:58 - INFO - Process finished successfully. 0 new rows were inserted into the 'academia' table
2023-12-30 01:14:25 - INFO - Starting the Airzone scraper...
2023-12-30 01:14:25 - INFO - Starting the Support scraper...
2023-12-30 01:14:25 - INFO - Starting the 'Airzone Support' website scraper...
2023-12-30 01:14:29 - INFO - Inserting the 'Airzone Support' scraped data into a dataframe...
2023-12-30 01:14:29 - INFO - Starting the 'Airzone Control' website FAQs scraper...
2023-12-30 01:14:39 - INFO - Inserting the 'Airzone Control' FAQs scraped data into a dataframe...
2023-12-30 01:14:39 - INFO - Starting the 'Airzone Control' website Downloads scraper...
2023-12-30 01:14:50 - INFO - Inserting the 'Airzone Control Downloads' scraped data into a dataframe...
2023-12-30 01:14:51 - INFO - Inserting the Support data into the database...
2023-12-30 01:14:51 - INFO - Process finished successfully. 0 new rows were inserted into the 'support' table
2023-12-30 01:14:51 - INFO - Starting the 'Academia' scraper...
2023-12-30 01:14:53 - INFO - Inserting the 'Academia' scraped data into a dataframe...
2023-12-30 01:14:53 - INFO - Inserting the 'Academia' data into the database...
2023-12-30 01:14:53 - INFO - Failed to insert dataframe rows into 'academia' table: 1054 (42S22): Unknown column 'nan' in 'field list'
2023-12-30 01:16:33 - INFO - Starting the Airzone scraper...
2023-12-30 01:16:33 - INFO - Starting the Support scraper...
2023-12-30 01:16:33 - INFO - Starting the 'Airzone Support' website scraper...
2023-12-30 01:16:37 - INFO - Inserting the 'Airzone Support' scraped data into a dataframe...
2023-12-30 01:16:38 - INFO - Starting the 'Airzone Control' website FAQs scraper...
2023-12-30 01:16:48 - INFO - Inserting the 'Airzone Control' FAQs scraped data into a dataframe...
2023-12-30 01:16:48 - INFO - Starting the 'Airzone Control' website Downloads scraper...
2023-12-30 01:16:59 - INFO - Inserting the 'Airzone Control Downloads' scraped data into a dataframe...
2023-12-30 01:16:59 - INFO - Inserting the Support data into the database...
2023-12-30 01:16:59 - INFO - Process finished successfully. 0 new rows were inserted into the 'support' table
2023-12-30 01:16:59 - INFO - Starting the 'Academia' scraper...
2023-12-30 01:17:02 - INFO - Inserting the 'Academia' scraped data into a dataframe...
2023-12-30 01:17:02 - INFO - Inserting the 'Academia' data into the database...
2023-12-30 01:17:02 - INFO - Failed to insert dataframe rows into 'academia' table: 1054 (42S22): Unknown column 'nan' in 'field list'
2023-12-30 01:17:22 - INFO - Starting the Airzone scraper...
2023-12-30 01:17:22 - INFO - Starting the Support scraper...
2023-12-30 01:17:22 - INFO - Starting the 'Airzone Support' website scraper...
2023-12-30 01:17:26 - INFO - Inserting the 'Airzone Support' scraped data into a dataframe...
2023-12-30 01:17:26 - INFO - Starting the 'Airzone Control' website FAQs scraper...
2023-12-30 01:17:37 - INFO - Inserting the 'Airzone Control' FAQs scraped data into a dataframe...
2023-12-30 01:17:37 - INFO - Starting the 'Airzone Control' website Downloads scraper...
2023-12-30 01:17:48 - INFO - Inserting the 'Airzone Control Downloads' scraped data into a dataframe...
2023-12-30 01:17:50 - INFO - Inserting the Support data into the database...
2023-12-30 01:17:50 - INFO - Process finished successfully. 0 new rows were inserted into the 'support' table
2023-12-30 01:17:50 - INFO - Starting the 'Academia' scraper...
2023-12-30 01:17:52 - INFO - Inserting the 'Academia' scraped data into a dataframe...
2023-12-30 01:17:52 - INFO - Inserting the 'Academia' data into the database...
2023-12-30 01:23:14 - INFO - Starting the Airzone scraper...
2023-12-30 01:23:14 - INFO - Starting the Support scraper...
2023-12-30 01:23:14 - INFO - Starting the 'Airzone Support' website scraper...
2023-12-30 01:23:18 - INFO - Inserting the 'Airzone Support' scraped data into a dataframe...
2023-12-30 01:23:18 - INFO - Starting the 'Airzone Control' website FAQs scraper...
2023-12-30 01:23:29 - INFO - Inserting the 'Airzone Control' FAQs scraped data into a dataframe...
2023-12-30 01:23:29 - INFO - Starting the 'Airzone Control' website Downloads scraper...
2023-12-30 01:23:40 - INFO - Inserting the 'Airzone Control Downloads' scraped data into a dataframe...
2023-12-30 01:23:40 - INFO - Inserting the Support data into the database...
2023-12-30 01:23:40 - INFO - Process finished successfully. 0 new rows were inserted into the 'support' table
2023-12-30 01:23:40 - INFO - Starting the 'Academia' scraper...
2023-12-30 01:23:42 - INFO - Inserting the 'Academia' scraped data into a dataframe...
2023-12-30 01:23:42 - INFO - Inserting the 'Academia' data into the database...
2023-12-30 01:23:42 - INFO - Failed to insert dataframe rows into 'academia' table: 1292 (22007): Incorrect datetime value: 'product' for column 'uploaded_date' at row 1
2023-12-30 01:24:34 - INFO - Starting the Airzone scraper...
2023-12-30 01:24:34 - INFO - Starting the Support scraper...
2023-12-30 01:24:34 - INFO - Starting the 'Airzone Support' website scraper...
2023-12-30 01:24:38 - INFO - Inserting the 'Airzone Support' scraped data into a dataframe...
2023-12-30 01:24:38 - INFO - Starting the 'Airzone Control' website FAQs scraper...
2023-12-30 01:24:48 - INFO - Inserting the 'Airzone Control' FAQs scraped data into a dataframe...
2023-12-30 01:24:49 - INFO - Starting the 'Airzone Control' website Downloads scraper...
2023-12-30 01:24:59 - INFO - Inserting the 'Airzone Control Downloads' scraped data into a dataframe...
2023-12-30 01:25:00 - INFO - Inserting the Support data into the database...
2023-12-30 01:25:00 - INFO - Process finished successfully. 0 new rows were inserted into the 'support' table
2023-12-30 01:25:00 - INFO - Starting the 'Academia' scraper...
2023-12-30 01:25:04 - INFO - Inserting the 'Academia' scraped data into a dataframe...
2023-12-30 01:25:04 - INFO - Inserting the 'Academia' data into the database...
2023-12-30 01:25:04 - INFO - Process finished successfully. 45 new rows were inserted into the 'academia' table
2023-12-30 01:26:57 - INFO - Starting the Airzone scraper...
2023-12-30 01:26:57 - INFO - Starting the Support scraper...
2023-12-30 01:26:57 - INFO - Starting the 'Airzone Support' website scraper...
2023-12-30 01:27:02 - INFO - Inserting the 'Airzone Support' scraped data into a dataframe...
2023-12-30 01:27:02 - INFO - Starting the 'Airzone Control' website FAQs scraper...
2023-12-30 01:27:14 - INFO - Inserting the 'Airzone Control' FAQs scraped data into a dataframe...
2023-12-30 01:27:14 - INFO - Starting the 'Airzone Control' website Downloads scraper...
2023-12-30 01:27:24 - INFO - Inserting the 'Airzone Control Downloads' scraped data into a dataframe...
2023-12-30 01:27:25 - INFO - Inserting the Support data into the database...
2023-12-30 01:27:25 - INFO - Process finished successfully. 0 new rows were inserted into the 'support' table
2023-12-30 01:27:25 - INFO - Starting the 'Academia' scraper...
2023-12-30 01:27:27 - INFO - Inserting the 'Academia' scraped data into a dataframe...
2023-12-30 01:27:27 - INFO - Inserting the 'Academia' data into the database...
2023-12-30 01:27:27 - INFO - Process finished successfully. 0 new rows were inserted into the 'academia' table
2023-12-30 01:27:57 - INFO - Starting the Airzone scraper...
2023-12-30 01:27:57 - INFO - Starting the Support scraper...
2023-12-30 01:27:57 - INFO - Starting the 'Airzone Support' website scraper...
2023-12-30 01:28:02 - INFO - Inserting the 'Airzone Support' scraped data into a dataframe...
2023-12-30 01:28:02 - INFO - Starting the 'Airzone Control' website FAQs scraper...
2023-12-30 01:28:13 - INFO - Inserting the 'Airzone Control' FAQs scraped data into a dataframe...
2023-12-30 01:28:13 - INFO - Starting the 'Airzone Control' website Downloads scraper...
2023-12-30 01:28:23 - INFO - Inserting the 'Airzone Control Downloads' scraped data into a dataframe...
2023-12-30 01:28:24 - INFO - Inserting the Support data into the database...
2023-12-30 01:28:24 - INFO - Process finished successfully. 0 new rows were inserted into the 'support' table
2023-12-30 01:28:24 - INFO - Starting the 'Academia' scraper...
2023-12-30 01:28:26 - INFO - Inserting the 'Academia' scraped data into a dataframe...
2023-12-30 01:28:26 - INFO - Inserting the 'Academia' data into the database...
2023-12-30 01:28:26 - INFO - Process finished successfully. 0 new rows were inserted into the 'academia' table
2023-12-30 01:28:26 - INFO - Starting the 'Partner' scraper...
2023-12-30 01:28:27 - INFO - Inserting the 'Partner' scraped data into a dataframe...
2023-12-30 01:28:27 - INFO - Inserting the 'Partner' data into the database...
2023-12-30 01:28:27 - INFO - Process finished successfully. 172 new rows were inserted into the 'partner' table
2023-12-30 01:28:27 - INFO - Inserting the 'Partner' scraped data into a dataframe...
2023-12-30 01:28:27 - INFO - Inserting the 'Partner' data into the database...
2023-12-30 01:28:27 - INFO - Process finished successfully. 28 new rows were inserted into the 'partner' table
2023-12-30 01:28:27 - INFO - Inserting the 'Partner' scraped data into a dataframe...
2023-12-30 01:28:27 - INFO - Inserting the 'Partner' data into the database...
2023-12-30 01:28:27 - INFO - Process finished successfully. 25 new rows were inserted into the 'partner' table
2023-12-30 01:29:47 - INFO - Starting the Airzone scraper...
2023-12-30 01:29:47 - INFO - Starting the Support scraper...
2023-12-30 01:29:47 - INFO - Starting the 'Airzone Support' website scraper...
2023-12-30 01:29:51 - INFO - Inserting the 'Airzone Support' scraped data into a dataframe...
2023-12-30 01:29:51 - INFO - Starting the 'Airzone Control' website FAQs scraper...
2023-12-30 01:30:02 - INFO - Inserting the 'Airzone Control' FAQs scraped data into a dataframe...
2023-12-30 01:30:02 - INFO - Starting the 'Airzone Control' website Downloads scraper...
2023-12-30 01:30:13 - INFO - Inserting the 'Airzone Control Downloads' scraped data into a dataframe...
2023-12-30 01:30:14 - INFO - Inserting the Support data into the database...
2023-12-30 01:30:14 - INFO - Process finished successfully. 0 new rows were inserted into the 'support' table
2023-12-30 01:30:14 - INFO - Starting the 'Academia' scraper...
2023-12-30 01:30:16 - INFO - Inserting the 'Academia' scraped data into a dataframe...
2023-12-30 01:30:16 - INFO - Inserting the 'Academia' data into the database...
2023-12-30 01:30:16 - INFO - Process finished successfully. 0 new rows were inserted into the 'academia' table
2023-12-30 01:30:16 - INFO - Starting the 'Partner' scraper...
2023-12-30 01:30:17 - INFO - Inserting the 'Partner' scraped data into a dataframe...
2023-12-30 01:30:17 - INFO - Inserting the 'Partner' data into the database...
2023-12-30 01:30:17 - INFO - Process finished successfully. 225 new rows were inserted into the 'partner' table
2023-12-31 08:59:48 - INFO - Starting the Airzone scraper...
2023-12-31 08:59:48 - INFO - Starting the 'Academia' scraper...
2023-12-31 08:59:51 - INFO - Inserting the 'Academia' scraped data into a dataframe...
2023-12-31 08:59:51 - INFO - Inserting the 'Academia' data into the database...
2023-12-31 08:59:51 - INFO - Process finished successfully. 45 new rows were inserted into the 'academia' table
2023-12-31 08:59:51 - INFO - Starting the 'Partner' scraper...
2023-12-31 08:59:52 - INFO - Inserting the 'Partner' scraped data into a dataframe...
2023-12-31 08:59:52 - INFO - Inserting the 'Partner' data into the database...
2023-12-31 08:59:53 - INFO - Process finished successfully. 224 new rows were inserted into the 'partner' table
2023-12-31 09:07:00 - INFO - Starting the Airzone scraper...
2023-12-31 09:07:00 - INFO - Starting the 'Academia' scraper...
2023-12-31 09:07:03 - INFO - Inserting the 'Academia' scraped data into a dataframe...
2023-12-31 09:07:03 - INFO - Inserting the 'Academia' data into the database...
2023-12-31 09:07:03 - INFO - Process finished successfully. 0 new rows were inserted into the 'academia' table
2023-12-31 09:07:03 - INFO - Starting the 'Partner' scraper...
2023-12-31 09:07:05 - INFO - Inserting the 'Partner' scraped data into a dataframe...
2023-12-31 09:07:05 - INFO - Inserting the 'Partner' data into the database...
2023-12-31 09:07:05 - INFO - Process finished successfully. 0 new rows were inserted into the 'partner' table
2023-12-31 09:07:05 - INFO - Starting the General Information scraper...
2023-12-31 09:07:08 - INFO - Inserting the General Information scraped data into a dataframe...
2023-12-31 09:07:08 - INFO - Inserting the General Information data into the database...
2023-12-31 09:07:08 - INFO - Process finished successfully. 49 new rows were inserted into the 'support' table
2023-12-31 09:08:31 - INFO - Starting the Airzone scraper...
2023-12-31 09:08:31 - INFO - Starting the 'Academia' scraper...
2023-12-31 09:08:33 - INFO - Inserting the 'Academia' scraped data into a dataframe...
2023-12-31 09:08:33 - INFO - Inserting the 'Academia' data into the database...
2023-12-31 09:08:33 - INFO - Process finished successfully. 0 new rows were inserted into the 'academia' table
2023-12-31 09:08:33 - INFO - Starting the 'Partner' scraper...
2023-12-31 09:08:34 - INFO - Inserting the 'Partner' scraped data into a dataframe...
2023-12-31 09:08:34 - INFO - Inserting the 'Partner' data into the database...
2023-12-31 09:08:34 - INFO - Process finished successfully. 0 new rows were inserted into the 'partner' table
2023-12-31 09:08:34 - INFO - Starting the General Information scraper...
2023-12-31 09:08:38 - INFO - Inserting the General Information scraped data into a dataframe...
2023-12-31 09:08:38 - INFO - Inserting the General Information data into the database...
2023-12-31 09:08:38 - INFO - Process finished successfully. 49 new rows were inserted into the 'support' table
2024-01-01 18:40:46 - INFO - Starting the Airzone scraper...
2024-01-01 18:40:46 - INFO - Starting the 'Academia' scraper...
2024-01-01 18:40:49 - INFO - Inserting the 'Academia' scraped data into a dataframe...
2024-01-01 18:40:49 - INFO - Inserting the 'Academia' data into the database...
2024-01-01 18:40:49 - INFO - Process finished successfully. 45 new rows were inserted into the 'academia' table
2024-01-02 11:51:38 - INFO - Starting the Airzone scraper...
2024-01-02 11:51:38 - INFO - Starting the Support scraper...
2024-01-02 11:51:38 - INFO - Starting the 'Airzone Support' website scraper...
2024-01-02 11:51:43 - INFO - Inserting the 'Airzone Support' scraped data into a dataframe...
2024-01-02 11:51:43 - INFO - Starting the 'Airzone Control' website FAQs scraper...
2024-01-02 11:51:54 - INFO - Inserting the 'Airzone Control' FAQs scraped data into a dataframe...
2024-01-02 11:51:54 - INFO - Starting the 'Airzone Control' website Downloads scraper...
2024-01-02 11:52:09 - INFO - Inserting the 'Airzone Control Downloads' scraped data into a dataframe...
2024-01-02 11:52:09 - INFO - Inserting the Support data into the database...
2024-01-02 11:52:09 - INFO - Failed to insert dataframe rows into 'support' table: Failed executing the operation; Not all parameters were used in the SQL statement
2024-01-02 11:52:09 - INFO - Starting the 'Academia' scraper...
2024-01-02 11:52:11 - INFO - Inserting the 'Academia' scraped data into a dataframe...
2024-01-02 11:52:11 - INFO - Inserting the 'Academia' data into the database...
2024-01-02 11:52:11 - INFO - Process finished successfully. 0 new rows were inserted into the 'academia' table
2024-01-02 11:52:11 - INFO - Starting the 'Partner' scraper...
2024-01-02 11:52:13 - INFO - Inserting the 'Partner' scraped data into a dataframe...
2024-01-02 11:52:13 - INFO - Inserting the 'Partner' data into the database...
2024-01-02 11:52:13 - INFO - Process finished successfully. 224 new rows were inserted into the 'partner' table
2024-01-02 11:52:13 - INFO - Starting the General Information scraper...
2024-01-02 11:52:17 - INFO - Inserting the General Information scraped data into a dataframe...
2024-01-02 11:52:17 - INFO - Inserting the General Information data into the database...
2024-01-02 11:52:17 - INFO - Process finished successfully. 49 new rows were inserted into the 'support' table
2024-01-02 11:52:17 - INFO - Starting the 'Myzone Products' scraper...
2024-01-02 11:52:18 - INFO - Processing subunit: Central de sistemas (2)
2024-01-02 11:52:18 - INFO - Processing subunit: Interfaces de usuario (4)
2024-01-02 11:52:18 - INFO - Processing subunit: Pasarelas de comunicaciones (40)
2024-01-02 11:52:18 - INFO - Processing subunit: Módulos de control (2)
2024-01-02 11:52:18 - INFO - Processing subunit: Control centralizado (6)
2024-01-02 11:52:18 - INFO - Processing subunit: Accesorios (13)
2024-01-02 11:52:18 - INFO - Processing subunit: Purificación del aire (15)
2024-01-02 11:52:18 - INFO - Processing subunit: Central de sistemas (3)
2024-01-02 11:52:18 - INFO - Processing subunit: Interfaces de usuario (6)
2024-01-02 11:52:18 - INFO - Processing subunit: Pasarelas de comunicaciones (61)
2024-01-02 11:52:18 - INFO - Processing subunit: Módulos de control (3)
2024-01-02 11:52:18 - INFO - Processing subunit: Control centralizado (16)
2024-01-02 11:52:18 - INFO - Processing subunit: Accesorios (15)
2024-01-02 11:52:18 - INFO - Processing subunit: Wi-Fi (27)
2024-01-02 11:52:18 - INFO - Processing subunit: Pro (39)
2024-01-02 11:52:18 - INFO - Processing subunit: Z-Wave (31)
2024-01-02 11:52:18 - INFO - Processing subunit: KNX (29)
2024-01-02 11:52:18 - INFO - Processing subunit: Interfaces de usuario (1)
2024-01-02 11:52:18 - INFO - Processing subunit: Pack (1)
2024-01-02 11:52:18 - INFO - Processing subunit: Interfaces de usuario (4)
2024-01-02 11:52:18 - INFO - Processing subunit: Plénum Motorizado Standard (29)
2024-01-02 11:52:18 - INFO - Processing subunit: Plénum Motorizado Slim (21)
2024-01-02 11:52:18 - INFO - Processing subunit: Plénum Motorizado Medium (26)
2024-01-02 11:52:18 - INFO - Processing subunit: Plénum de retorno (18)
2024-01-02 11:52:18 - INFO - Processing subunit: Accesorios (9)
2024-01-02 11:52:18 - INFO - Processing subunit: Reemplazos (7)
2024-01-02 11:52:18 - INFO - Processing subunit: Interfaces de usuario (6)
2024-01-02 11:52:18 - INFO - Processing subunit: Plénum Motorizado Standard (27)
2024-01-02 11:52:18 - INFO - Processing subunit: Plénum Motorizado Slim (21)
2024-01-02 11:52:18 - INFO - Processing subunit: Plénum Motorizado Medium (24)
2024-01-02 11:52:18 - INFO - Processing subunit: Plénum de retorno (18)
2024-01-02 11:52:18 - INFO - Processing subunit: Accesorios (9)
2024-01-02 11:52:18 - INFO - Processing subunit: Reemplazos (6)
2024-01-02 11:52:18 - INFO - Processing subunit: Central de sistemas (4)
2024-01-02 11:52:18 - INFO - Processing subunit: Interfaces de usuario (6)
2024-01-02 11:52:18 - INFO - Processing subunit: Pasarela de comunicaciones (9)
2024-01-02 11:52:18 - INFO - Processing subunit: Módulos de control (4)
2024-01-02 11:52:18 - INFO - Processing subunit: Control centralizado (14)
2024-01-02 11:52:18 - INFO - Processing subunit: Accesorios (11)
2024-01-02 11:52:18 - INFO - Processing subunit: Central de sistemas (1)
2024-01-02 11:52:18 - INFO - Processing subunit: Interfaces de usuario (6)
2024-01-02 11:52:18 - INFO - Processing subunit: Pasarelas de comunicaciones (61)
2024-01-02 11:52:18 - INFO - Processing subunit: Módulos de zona (108)
2024-01-02 11:52:18 - INFO - Processing subunit: Módulos de control (1)
2024-01-02 11:52:18 - INFO - Processing subunit: Control centralizado (16)
2024-01-02 11:52:18 - INFO - Processing subunit: Accesorios (14)
2024-01-02 11:52:18 - INFO - Processing subunit: Central de sistemas (1)
2024-01-02 11:52:18 - INFO - Processing subunit: Interfaces de usuario (6)
2024-01-02 11:52:18 - INFO - Processing subunit: Pasarela de comunicaciones (61)
2024-01-02 11:52:18 - INFO - Processing subunit: Módulos de zona (108)
2024-01-02 11:52:18 - INFO - Processing subunit: Módulos de control (1)
2024-01-02 11:52:18 - INFO - Processing subunit: Control centralizado (16)
2024-01-02 11:52:18 - INFO - Processing subunit: Accesorios (13)
2024-01-02 11:52:18 - INFO - Processing subunit: Expansión directa splits o cassettes (39)
2024-01-02 11:52:18 - INFO - Processing subunit: Fancoil 3 velocidades (3)
2024-01-02 11:52:18 - INFO - Processing subunit: Fancoil 0-10 V (3)
2024-01-02 11:52:18 - INFO - Processing subunit: Compuerta y-o válvula (4)
2024-01-02 11:52:18 - INFO - Processing subunit: Centrales (2)
2024-01-02 11:52:18 - INFO - Processing subunit: Termostatos (4)
2024-01-02 11:52:18 - INFO - Processing subunit: Pasarelas de control (15)
2024-01-02 11:52:18 - INFO - Processing subunit: Controladores de instalación (9)
2024-01-02 11:52:18 - INFO - Processing subunit: Accesorios (1)
2024-01-02 11:52:18 - INFO - Processing subunit: Centrales (2)
2024-01-02 11:52:18 - INFO - Processing subunit: Termostatos (8)
2024-01-02 11:52:18 - INFO - Processing subunit: Pasarelas de control (14)
2024-01-02 11:52:18 - INFO - Processing subunit: Controladores de sistema (2)
2024-01-02 11:52:18 - INFO - Processing subunit: Controladores de instalación (9)
2024-01-02 11:52:18 - INFO - Processing subunit: Accesorios (2)
2024-01-02 11:52:18 - INFO - Processing subunit: Plénum Motorizado Estándar (11)
2024-01-02 11:52:18 - INFO - Processing subunit: Plenum Motorizado Baja Silueta (8)
2024-01-02 11:52:18 - INFO - Processing subunit: Termostatos (5)
2024-01-02 11:52:18 - INFO - Processing subunit: Adaptador motorizado (4)
2024-01-02 11:52:18 - INFO - Processing subunit: Controladores de sistema (1)
2024-01-02 11:52:18 - INFO - Processing subunit: Controladores de instalación (8)
2024-01-02 11:52:18 - INFO - Processing subunit: Accesorios (1)
2024-01-02 11:52:18 - INFO - Processing subunit: Centrales (1)
2024-01-02 11:52:18 - INFO - Processing subunit: Termostatos (2)
2024-01-02 11:52:18 - INFO - Processing subunit: Controladores de sistema (1)
2024-01-02 11:52:18 - INFO - Processing subunit: Controladores de instalación (8)
2024-01-02 11:52:18 - INFO - Processing subunit: Accesorios (1)
2024-01-02 11:52:18 - INFO - Processing subunit: Centrales (1)
2024-01-02 11:52:18 - INFO - Processing subunit: Termostatos (6)
2024-01-02 11:52:18 - INFO - Processing subunit: Pasarelas de control (14)
2024-01-02 11:52:18 - INFO - Processing subunit: Módulos de zona (27)
2024-01-02 11:52:18 - INFO - Processing subunit: Controladores de sistema (2)
2024-01-02 11:52:18 - INFO - Processing subunit: Controladores de instalación (9)
2024-01-02 11:52:18 - INFO - Processing subunit: Accesorios (2)
2024-01-02 11:52:18 - INFO - Processing subunit: Centrales (1)
2024-01-02 11:52:18 - INFO - Processing subunit: Termostatos (6)
2024-01-02 11:52:18 - INFO - Processing subunit: Pasarelas de control (14)
2024-01-02 11:52:18 - INFO - Processing subunit: Módulos de zona (27)
2024-01-02 11:52:18 - INFO - Processing subunit: Controladores de sistema (2)
2024-01-02 11:52:18 - INFO - Processing subunit: Controladores de instalación (9)
2024-01-02 11:52:18 - INFO - Processing subunit: Accesorios (2)
2024-01-02 11:52:18 - INFO - Processing subunit: Interfaces (2)
2024-01-02 11:52:18 - INFO - Processing subunit: Iluminación (3)
2024-01-02 11:52:18 - INFO - Processing subunit: Persianas toldos cortinas (2)
2024-01-02 11:52:18 - INFO - Processing subunit: Alarmas técnicas (2)
2024-01-02 11:52:18 - INFO - Processing subunit: Accesorios (1)
2024-01-02 11:52:18 - INFO - Processing subunit: Centrales (1)
2024-01-02 11:52:18 - INFO - Processing subunit: Termostatos (6)
2024-01-02 11:52:18 - INFO - Processing subunit: Pasarelas de control (13)
2024-01-02 11:52:18 - INFO - Processing subunit: Módulos de zona (2)
2024-01-02 11:52:18 - INFO - Processing subunit: Controladores de sistema (2)
2024-01-02 11:52:18 - INFO - Processing subunit: Controladores de instalación (9)
2024-01-02 11:52:18 - INFO - Processing subunit: Accesorios (1)
2024-01-02 11:52:18 - INFO - Processing subunit: Rejillas (14)
2024-01-02 11:52:18 - INFO - Processing subunit: Difusores Lineales (1)
2024-01-02 11:52:18 - INFO - Processing subunit: Difusores de Techo (7)
2024-01-02 11:52:18 - INFO - Processing subunit: Difusores Rotacionales (5)
2024-01-02 11:52:18 - INFO - Processing subunit: Toberas (2)
2024-01-02 11:52:18 - INFO - Processing subunit: Bocas de Ventilación (1)
2024-01-02 11:52:18 - INFO - Processing subunit: Plenum Difusión (8)
2024-01-02 11:52:18 - INFO - Processing subunit: Accesorios (8)
2024-01-02 11:52:18 - INFO - Processing subunit: Rejillas motorizadas (9)
2024-01-02 11:52:18 - INFO - Processing subunit: Difusores motorizados (5)
2024-01-02 11:52:18 - INFO - Processing subunit: Plenum motorizados (2)
2024-01-02 11:52:18 - INFO - Processing subunit: Compuertas motorizadas (4)
2024-01-02 11:52:18 - INFO - Processing subunit: Accesorios (12)
2024-01-02 11:53:26 - INFO - Failed to insert dataframe rows into 'product' table: Failed executing the operation; Python type list cannot be converted
2024-01-02 11:53:26 - INFO - Process finished successfully. 65 new rows were inserted into the 'support' table
2024-01-02 11:54:59 - INFO - Starting the Airzone scraper...
2024-01-02 11:54:59 - INFO - Starting the Support scraper...
2024-01-02 11:54:59 - INFO - Starting the 'Airzone Support' website scraper...
2024-01-02 11:55:05 - INFO - Inserting the 'Airzone Support' scraped data into a dataframe...
2024-01-02 11:55:05 - INFO - Starting the 'Airzone Control' website FAQs scraper...
2024-01-02 11:55:17 - INFO - Inserting the 'Airzone Control' FAQs scraped data into a dataframe...
2024-01-02 11:55:17 - INFO - Starting the 'Airzone Control' website Downloads scraper...
2024-01-02 11:55:28 - INFO - Inserting the 'Airzone Control Downloads' scraped data into a dataframe...
2024-01-02 11:55:28 - INFO - Inserting the Support data into the database...
2024-01-02 11:55:28 - INFO - Failed to insert dataframe rows into 'support' table: Failed executing the operation; Not all parameters were used in the SQL statement
2024-01-02 11:56:05 - INFO - Starting the Airzone scraper...
2024-01-02 11:56:05 - INFO - Starting the Support scraper...
2024-01-02 11:56:05 - INFO - Starting the 'Airzone Support' website scraper...
2024-01-02 11:56:09 - INFO - Inserting the 'Airzone Support' scraped data into a dataframe...
2024-01-02 11:56:09 - INFO - Starting the 'Airzone Control' website FAQs scraper...
2024-01-02 11:56:20 - INFO - Inserting the 'Airzone Control' FAQs scraped data into a dataframe...
2024-01-02 11:56:20 - INFO - Starting the 'Airzone Control' website Downloads scraper...
2024-01-02 11:56:33 - INFO - Inserting the 'Airzone Control Downloads' scraped data into a dataframe...
2024-01-02 11:56:33 - INFO - Inserting the Support data into the database...
2024-01-02 11:57:12 - INFO - Failed to insert dataframe rows into 'support' table: Failed executing the operation; Not all parameters were used in the SQL statement
2024-01-02 11:57:36 - INFO - Starting the Airzone scraper...
2024-01-02 11:57:36 - INFO - Starting the Support scraper...
2024-01-02 11:57:36 - INFO - Starting the 'Airzone Support' website scraper...
2024-01-02 11:57:41 - INFO - Inserting the 'Airzone Support' scraped data into a dataframe...
2024-01-02 11:57:41 - INFO - Starting the 'Airzone Control' website FAQs scraper...
2024-01-02 11:57:52 - INFO - Inserting the 'Airzone Control' FAQs scraped data into a dataframe...
2024-01-02 11:57:52 - INFO - Starting the 'Airzone Control' website Downloads scraper...
2024-01-02 11:58:06 - INFO - Inserting the 'Airzone Control Downloads' scraped data into a dataframe...
2024-01-02 11:58:06 - INFO - Inserting the Support data into the database...
2024-01-02 11:59:50 - INFO - Failed to insert dataframe rows into 'support' table: Failed executing the operation; Not all parameters were used in the SQL statement
2024-01-02 12:02:57 - INFO - Starting the Airzone scraper...
2024-01-02 12:02:57 - INFO - Starting the Support scraper...
2024-01-02 12:02:57 - INFO - Starting the 'Airzone Support' website scraper...
2024-01-02 12:03:04 - INFO - Inserting the 'Airzone Support' scraped data into a dataframe...
2024-01-02 12:03:04 - INFO - Starting the 'Airzone Control' website FAQs scraper...
2024-01-02 12:03:15 - INFO - Inserting the 'Airzone Control' FAQs scraped data into a dataframe...
2024-01-02 12:03:15 - INFO - Starting the 'Airzone Control' website Downloads scraper...
2024-01-02 12:03:28 - INFO - Inserting the 'Airzone Control Downloads' scraped data into a dataframe...
2024-01-02 12:03:28 - INFO - Inserting the Support data into the database...
2024-01-02 12:03:29 - INFO - Process finished successfully. 1598 new rows were inserted into the 'support' table
2024-01-02 12:03:44 - INFO - Starting the 'Academia' scraper...
2024-01-02 12:03:47 - INFO - Inserting the 'Academia' scraped data into a dataframe...
2024-01-02 12:03:47 - INFO - Inserting the 'Academia' data into the database...
2024-01-02 12:03:47 - INFO - Process finished successfully. 0 new rows were inserted into the 'academia' table
2024-01-02 12:04:07 - INFO - Starting the 'Partner' scraper...
2024-01-02 12:04:09 - INFO - Inserting the 'Partner' scraped data into a dataframe...
2024-01-02 12:04:09 - INFO - Inserting the 'Partner' data into the database...
2024-01-02 12:04:09 - INFO - Process finished successfully. 0 new rows were inserted into the 'partner' table
2024-01-02 12:04:25 - INFO - Starting the General Information scraper...
2024-01-02 12:04:29 - INFO - Inserting the General Information scraped data into a dataframe...
2024-01-02 12:04:29 - INFO - Inserting the General Information data into the database...
2024-01-02 12:04:29 - INFO - Process finished successfully. 49 new rows were inserted into the 'support' table
2024-01-02 12:04:46 - INFO - Starting the 'Myzone Products' scraper...
2024-01-02 12:07:11 - INFO - Failed to insert dataframe rows into 'product' table: Failed executing the operation; Python type list cannot be converted
2024-01-02 12:07:12 - INFO - Process finished successfully. 65 new rows were inserted into the 'support' table
2024-01-02 12:08:24 - INFO - Starting the Airzone scraper...
2024-01-02 12:08:24 - INFO - Starting the Support scraper...
2024-01-02 12:08:24 - INFO - Starting the 'Airzone Support' website scraper...
2024-01-02 12:08:29 - INFO - Inserting the 'Airzone Support' scraped data into a dataframe...
2024-01-02 12:08:29 - INFO - Starting the 'Airzone Control' website FAQs scraper...
2024-01-02 12:08:41 - INFO - Inserting the 'Airzone Control' FAQs scraped data into a dataframe...
2024-01-02 12:08:41 - INFO - Starting the 'Airzone Control' website Downloads scraper...
2024-01-02 12:09:00 - INFO - Inserting the 'Airzone Control Downloads' scraped data into a dataframe...
2024-01-02 12:09:00 - INFO - Inserting the Support data into the database...
2024-01-02 12:09:00 - INFO - Process finished successfully. 0 new rows were inserted into the 'support' table
2024-01-02 12:09:00 - INFO - Starting the 'Academia' scraper...
2024-01-02 12:09:05 - INFO - Inserting the 'Academia' scraped data into a dataframe...
2024-01-02 12:09:05 - INFO - Inserting the 'Academia' data into the database...
2024-01-02 12:09:05 - INFO - Process finished successfully. 0 new rows were inserted into the 'academia' table
2024-01-02 12:09:05 - INFO - Starting the 'Partner' scraper...
2024-01-02 12:09:06 - INFO - Inserting the 'Partner' scraped data into a dataframe...
2024-01-02 12:09:06 - INFO - Inserting the 'Partner' data into the database...
2024-01-02 12:09:06 - INFO - Process finished successfully. 0 new rows were inserted into the 'partner' table
2024-01-02 12:09:06 - INFO - Starting the General Information scraper...
2024-01-02 12:09:10 - INFO - Inserting the General Information scraped data into a dataframe...
2024-01-02 12:09:10 - INFO - Inserting the General Information data into the database...
2024-01-02 12:09:10 - INFO - Process finished successfully. 0 new rows were inserted into the 'support' table
2024-01-02 12:09:10 - INFO - Starting the 'Myzone Products' scraper...
2024-01-02 12:11:32 - INFO - Failed to insert dataframe rows into 'product' table: Failed executing the operation; Python type list cannot be converted
2024-01-02 12:15:25 - INFO - Starting the Airzone scraper...
2024-01-02 12:15:25 - INFO - Starting the Support scraper...
2024-01-02 12:15:25 - INFO - Starting the 'Airzone Support' website scraper...
2024-01-02 12:15:30 - INFO - Inserting the 'Airzone Support' scraped data into a dataframe...
2024-01-02 12:15:30 - INFO - Starting the 'Airzone Control' website FAQs scraper...
2024-01-02 12:15:42 - INFO - Inserting the 'Airzone Control' FAQs scraped data into a dataframe...
2024-01-02 12:15:42 - INFO - Starting the 'Airzone Control' website Downloads scraper...
2024-01-02 12:15:56 - INFO - Inserting the 'Airzone Control Downloads' scraped data into a dataframe...
2024-01-02 12:15:56 - INFO - Inserting the Support data into the database...
2024-01-02 12:15:56 - INFO - Process finished successfully. 0 new rows were inserted into the 'support' table
2024-01-02 12:15:56 - INFO - Starting the 'Academia' scraper...
2024-01-02 12:15:58 - INFO - Inserting the 'Academia' scraped data into a dataframe...
2024-01-02 12:15:58 - INFO - Inserting the 'Academia' data into the database...
2024-01-02 12:15:58 - INFO - Process finished successfully. 0 new rows were inserted into the 'academia' table
2024-01-02 12:15:58 - INFO - Starting the 'Partner' scraper...
2024-01-02 12:16:00 - INFO - Inserting the 'Partner' scraped data into a dataframe...
2024-01-02 12:16:00 - INFO - Inserting the 'Partner' data into the database...
2024-01-02 12:16:00 - INFO - Process finished successfully. 0 new rows were inserted into the 'partner' table
2024-01-02 12:16:00 - INFO - Starting the General Information scraper...
2024-01-02 12:16:08 - INFO - Inserting the General Information scraped data into a dataframe...
2024-01-02 12:16:08 - INFO - Inserting the General Information data into the database...
2024-01-02 12:16:08 - INFO - Process finished successfully. 0 new rows were inserted into the 'support' table
2024-01-02 12:16:08 - INFO - Starting the 'Myzone Products' scraper...
2024-01-02 12:18:28 - ERROR - An error occurred in 'airzone_products_scraper': 'DataFrame' object has no attribute 'append'
2024-01-02 12:20:00 - INFO - Starting the Airzone scraper...
2024-01-02 12:20:00 - INFO - Starting the Support scraper...
2024-01-02 12:20:00 - INFO - Starting the 'Airzone Support' website scraper...
2024-01-02 12:20:06 - INFO - Inserting the 'Airzone Support' scraped data into a dataframe...
2024-01-02 12:20:06 - INFO - Starting the 'Airzone Control' website FAQs scraper...
2024-01-02 12:20:20 - INFO - Inserting the 'Airzone Control' FAQs scraped data into a dataframe...
2024-01-02 12:20:20 - INFO - Starting the 'Airzone Control' website Downloads scraper...
2024-01-02 12:20:33 - INFO - Inserting the 'Airzone Control Downloads' scraped data into a dataframe...
2024-01-02 12:20:33 - INFO - Inserting the Support data into the database...
2024-01-02 12:20:33 - INFO - Process finished successfully. 0 new rows were inserted into the 'support' table
2024-01-02 12:20:33 - INFO - Starting the 'Academia' scraper...
2024-01-02 12:20:36 - INFO - Inserting the 'Academia' scraped data into a dataframe...
2024-01-02 12:20:36 - INFO - Inserting the 'Academia' data into the database...
2024-01-02 12:20:36 - INFO - Process finished successfully. 0 new rows were inserted into the 'academia' table
2024-01-02 12:20:36 - INFO - Starting the 'Partner' scraper...
2024-01-02 12:20:37 - INFO - Inserting the 'Partner' scraped data into a dataframe...
2024-01-02 12:20:37 - INFO - Inserting the 'Partner' data into the database...
2024-01-02 12:20:37 - INFO - Process finished successfully. 0 new rows were inserted into the 'partner' table
2024-01-02 12:20:37 - INFO - Starting the General Information scraper...
2024-01-02 12:20:41 - INFO - Inserting the General Information scraped data into a dataframe...
2024-01-02 12:20:41 - INFO - Inserting the General Information data into the database...
2024-01-02 12:20:41 - INFO - Process finished successfully. 0 new rows were inserted into the 'support' table
2024-01-02 12:20:41 - INFO - Starting the 'Myzone Products' scraper...
2024-01-02 12:23:03 - INFO - Failed to insert dataframe rows into 'product' table: Failed executing the operation; Python type list cannot be converted
2024-01-02 12:27:36 - INFO - Starting the Airzone scraper...
2024-01-02 12:27:36 - INFO - Starting the Support scraper...
2024-01-02 12:27:36 - INFO - Starting the 'Airzone Support' website scraper...
2024-01-02 12:27:41 - INFO - Inserting the 'Airzone Support' scraped data into a dataframe...
2024-01-02 12:27:41 - INFO - Starting the 'Airzone Control' website FAQs scraper...
2024-01-02 12:27:53 - INFO - Inserting the 'Airzone Control' FAQs scraped data into a dataframe...
2024-01-02 12:27:53 - INFO - Starting the 'Airzone Control' website Downloads scraper...
2024-01-02 12:28:06 - INFO - Inserting the 'Airzone Control Downloads' scraped data into a dataframe...
2024-01-02 12:28:06 - INFO - Inserting the Support data into the database...
2024-01-02 12:28:06 - INFO - Process finished successfully. 0 new rows were inserted into the 'support' table
2024-01-02 12:28:06 - INFO - Starting the 'Academia' scraper...
2024-01-02 12:28:09 - INFO - Inserting the 'Academia' scraped data into a dataframe...
2024-01-02 12:28:09 - INFO - Inserting the 'Academia' data into the database...
2024-01-02 12:28:09 - INFO - Process finished successfully. 0 new rows were inserted into the 'academia' table
2024-01-02 12:28:09 - INFO - Starting the 'Partner' scraper...
2024-01-02 12:28:10 - INFO - Inserting the 'Partner' scraped data into a dataframe...
2024-01-02 12:28:10 - INFO - Inserting the 'Partner' data into the database...
2024-01-02 12:28:10 - INFO - Process finished successfully. 0 new rows were inserted into the 'partner' table
2024-01-02 12:28:10 - INFO - Starting the General Information scraper...
2024-01-02 12:28:14 - INFO - Inserting the General Information scraped data into a dataframe...
2024-01-02 12:28:14 - INFO - Inserting the General Information data into the database...
2024-01-02 12:28:14 - INFO - Process finished successfully. 0 new rows were inserted into the 'support' table
2024-01-02 12:28:14 - INFO - Starting the 'Myzone Products' scraper...
2024-01-02 12:30:50 - ERROR - An error occurred in 'airzone_products_scraper': 'DataFrame' object has no attribute 'append'
2024-01-02 12:31:11 - INFO - Starting the Airzone scraper...
2024-01-02 12:31:11 - INFO - Starting the Support scraper...
2024-01-02 12:31:11 - INFO - Starting the 'Airzone Support' website scraper...
2024-01-02 12:31:16 - INFO - Inserting the 'Airzone Support' scraped data into a dataframe...
2024-01-02 12:31:16 - INFO - Starting the 'Airzone Control' website FAQs scraper...
2024-01-02 12:31:29 - INFO - Inserting the 'Airzone Control' FAQs scraped data into a dataframe...
2024-01-02 12:31:29 - INFO - Starting the 'Airzone Control' website Downloads scraper...
2024-01-02 12:31:42 - INFO - Inserting the 'Airzone Control Downloads' scraped data into a dataframe...
2024-01-02 12:31:42 - INFO - Inserting the Support data into the database...
2024-01-02 12:31:42 - INFO - Process finished successfully. 0 new rows were inserted into the 'support' table
2024-01-02 12:31:42 - INFO - Starting the 'Academia' scraper...
2024-01-02 12:31:45 - INFO - Inserting the 'Academia' scraped data into a dataframe...
2024-01-02 12:31:45 - INFO - Inserting the 'Academia' data into the database...
2024-01-02 12:31:45 - INFO - Process finished successfully. 0 new rows were inserted into the 'academia' table
2024-01-02 12:31:45 - INFO - Starting the 'Partner' scraper...
2024-01-02 12:31:47 - INFO - Inserting the 'Partner' scraped data into a dataframe...
2024-01-02 12:31:47 - INFO - Inserting the 'Partner' data into the database...
2024-01-02 12:31:47 - INFO - Process finished successfully. 0 new rows were inserted into the 'partner' table
2024-01-02 12:31:47 - INFO - Starting the General Information scraper...
2024-01-02 12:31:59 - INFO - Inserting the General Information scraped data into a dataframe...
2024-01-02 12:31:59 - INFO - Inserting the General Information data into the database...
2024-01-02 12:31:59 - INFO - Process finished successfully. 0 new rows were inserted into the 'support' table
2024-01-02 12:31:59 - INFO - Starting the 'Myzone Products' scraper...
2024-01-02 12:34:53 - INFO - Process finished successfully. 880 new rows were inserted into the 'product' table
2024-01-02 12:34:56 - INFO - Process finished successfully. 0 new rows were inserted into the 'support' table
